Arguments: 
  /usr/local/bin/node /usr/local/bin/yarn

PATH: 
  /usr/local/sbin:/usr/local/bin:/usr/sbin:/usr/bin:/sbin:/bin:/usr/games:/usr/local/games:/mnt/c/Program Files/WindowsApps/CanonicalGroupLimited.UbuntuonWindows_2004.2020.812.0_x64__79rhkp1fndgsc:/mnt/c/Program Files (x86)/Common Files/Oracle/Java/javapath:/mnt/c/Program Files (x86)/Intel/iCLS Client/:/mnt/c/Program Files/Intel/iCLS Client/:/mnt/c/WINDOWS/system32:/mnt/c/WINDOWS:/mnt/c/WINDOWS/System32/Wbem:/mnt/c/WINDOWS/System32/WindowsPowerShell/v1.0/:/mnt/c/Program Files (x86)/Intel/Intel(R) Management Engine Components/DAL:/mnt/c/Program Files/Intel/Intel(R) Management Engine Components/DAL:/mnt/c/Program Files (x86)/Intel/Intel(R) Management Engine Components/IPT:/mnt/c/Program Files/Intel/Intel(R) Management Engine Components/IPT:/mnt/c/Program Files/Java/jdk1.8.0_192/bin:/mnt/c/WINDOWS/System32/OpenSSH/:/mnt/c/Program Files (x86)/Microsoft SQL Server/140/Tools/Binn/:/mnt/c/Program Files (x86)/Microsoft SQL Server/140/DTS/Binn/:/mnt/c/Program Files (x86)/Microsoft SQL Server/Client SDK/ODBC/130/Tools/Binn/:/mnt/c/Program Files (x86)/Microsoft SQL Server/140/Tools/Binn/ManagementStudio/:/mnt/c/Users/Admin/AppData/Local/Programs/Python/Python37:/mnt/c/Users/Admin/AppData/Local/Programs/Python/Python37/Scripts:/mnt/c/Program Files/Microsoft/Web Platform Installer/:/mnt/d/Program Files (x86)/Windows Kits/10/Windows Performance Toolkit/:/mnt/c/Program Files/dotnet/:/mnt/d/Program Files (x86)/Dev-Cpp/MinGW64/bin/:/mnt/d/PHP/php-7.3.0/:/mnt/c/Program Files/Java/apache-maven-3.6.3/bin:/mnt/c/Users/Admin/AppData/Local/Microsoft/WindowsApps:/mnt/c/Users/Admin/AppData/Local/GitHubDesktop/bin:/mnt/c/Users/Admin/AppData/Local/Microsoft/WindowsApps:/mnt/c/Users/Admin/AppData/Local/Programs/Microsoft VS Code/bin:/snap/bin

Yarn version: 
  1.22.10

Node version: 
  14.8.0

Platform: 
  linux x64

Trace: 
  Error: connect ECONNREFUSED 104.16.21.35:443
      at TCPConnectWrap.afterConnect [as oncomplete] (net.js:1144:16)

npm manifest: 
  {
    "name": "bambusaceae-s-blog",
    "version": "1.0.0",
    "description": "",
    "scripts": {
      "dev": "vuepress dev docs",
      "build": "vuepress build docs",
      "publish": "./publish.sh"
    },
    "repository": {
      "type": "git",
      "url": "git+https://github.com/Bambusaceae/Blog.git"
    },
    "keywords": [],
    "author": "",
    "license": "MIT",
    "bugs": {
      "url": "https://github.com/Bambusaceae/Blog/issues"
    },
    "homepage": "https://github.com/Bambusaceae/Blog#readme",
    "dependencies": {
      "markdown-it": "^10.0.0",
      "markdown-it-katex": "^2.0.3"
    }
  }

yarn manifest: 
  No manifest

Lockfile: 
  No lockfile
